09/09/22 20:52:48 [DBGM] CORE_SEER       WizardGraphicalClient::Initialize Window name = Wizard101
09/09/22 20:52:48 [STAT] CORE_SEER       Wizard Graphical Client version 'W.1.490.03'; revision ''. Data version ''.
09/09/22 20:52:48 [ERRO] CORE_SEER        379335132 Could not open ConfigFile PatchConfig.xml for reading.
09/09/22 20:52:48 [CRIT] PATCHER          182676802 PatchClientInterface::StartPatching could not load PatchConfig.xml
09/09/22 20:52:48 [ERRO] CORE_SEER        379335132 Could not open ConfigFile PatchConfig.xml for reading.
09/09/22 20:52:48 [CRIT] PATCHER          182676802 PatchClientInterface::StartPatching could not load PatchConfig.xml
09/09/22 20:52:48 [DBGM] CORE_SEER       StringTable.xml file does not exist for the English language. Using default values
09/09/22 20:52:48 [STAT] CORE_SEER       LOCALE = English
09/09/22 20:52:48 [ERRO] MessageManager  2023014567 MessageManager::LoadMessageModule: RequestAsset failed for 'BaseMessages.xml'.
09/09/22 20:52:48 [ERRO] MessageManager  2023014567 MessageManager::LoadMessageModule: RequestAsset failed for 'ExtendedBaseMessages.xml'.
09/09/22 20:52:48 [ERRO] MessageManager  2023014567 MessageManager::LoadMessageModule: RequestAsset failed for 'LoginMessages.xml'.
09/09/22 20:52:48 [ERRO] MessageManager  2023014567 MessageManager::LoadMessageModule: RequestAsset failed for 'GameMessages.xml'.
09/09/22 20:52:48 [ERRO] MessageManager  2023014567 MessageManager::LoadMessageModule: RequestAsset failed for 'GameMessages2.xml'.
09/09/22 20:52:48 [ERRO] MessageManager  2023014567 MessageManager::LoadMessageModule: RequestAsset failed for 'AISClientMessages.xml'.
09/09/22 20:52:48 [ERRO] MessageManager  2023014567 MessageManager::LoadMessageModule: RequestAsset failed for 'WizardMessages.xml'.
09/09/22 20:52:48 [DBGM] CORE_SEER       ERROR: "Could not load WizardMessages.xml!", File: C:\Code\Wizard101\Wizard_1_490\Wizard101\Client\WizardGraphicalClient\WizardGraphicalClient.cpp, Line: 9234
09/09/22 20:53:36 [ERRO] CORE_SEER       1967074143 Failed to load Specific Message Modules.
09/09/22 20:53:37 [STAT] CORE_HTTP_FILE  Session: [00] Downloaded: 0 bytes
09/09/22 20:53:37 [STAT] CORE_HTTP_FILE  Session: [00] Downloaded: 0 bytes
09/09/22 20:53:37 [STAT] COMMON          ResourceManager is shutting down.
09/09/22 20:53:37 [STAT] RESMGR          ResourceManager releasing data.
09/09/22 20:53:37 [STAT] RESMGR          Loading CSR data.

